<?xml version="1.0" encoding="UTF-8"?>
<!-- Generated by org.testng.reporters.JUnitReportReporter -->
<testsuite hostname="DESKTOP-7TDIRJN" failures="0" tests="1" name="PraticePackage.SamplePraticeTest" time="0.002" errors="0" timestamp="2024-03-01T18:50:03 IST" skipped="0">
  <testcase classname="PraticePackage.SamplePraticeTest" name="praticeTest" time="0.002"/>
  <system-out/>
</testsuite> <!-- PraticePackage.SamplePraticeTest -->
