<?xml version="1.0" encoding="UTF-8"?>
<!-- Generated by org.testng.reporters.JUnitReportReporter -->
<testsuite hostname="DESKTOP-7TDIRJN" failures="0" tests="1" name="PraticePackage.DemoPraticeTest" time="0.013" errors="0" timestamp="2024-03-01T18:50:03 IST" skipped="0">
  <testcase classname="PraticePackage.DemoPraticeTest" name="praticeTest" time="0.013"/>
  <system-out/>
</testsuite> <!-- PraticePackage.DemoPraticeTest -->
